2019-07-17 09:52:49 添加用户失败，用户已经存在
2019-07-17 09:54:36 添加用户失败，用户已经存在
2019-07-17 10:35:59 查询到此用户：hzw
2019-07-17 10:37:10 查询4用户，没有结果
2019-07-17 10:38:21 查询到此用户：hzw
2019-07-17 11:06:37 查询到此用户：1
2019-07-17 11:07:07 查询到此用户：hzw
2019-07-17 11:08:49 查询到此用户：1
2019-07-17 11:09:09 添加用户4
2019-07-17 11:23:07 注销用户1成功
2019-07-17 11:23:31 查询1用户，没有结果
2019-07-18 15:18:42 查询1用户，没有结果
2019-07-18 16:00:17 添加用户1
2019-07-18 16:01:09 添加用户失败，用户已经存在
2019-07-18 16:01:49 添加用户失败，用户1已经存在
2019-07-18 16:04:25 无此用户3,确认后再重新输入或者注册一个新账号。
2019-07-18 16:05:25 用户1密码不对，请重新输入。
2019-07-18 16:12:14 用户1登录成功。
2019-07-18 16:15:35 无此用户123,确认后再重新输入或者注册一个新账号。
2019-07-18 16:20:22 注销用户1成功
2019-07-18 16:24:35 无此用户1,确认后再重新输入或者注册一个新账号。
2019-07-18 16:25:01 添加用户1234
2019-07-18 16:25:11 用户2密码不对，请重新输入。
2019-07-18 16:25:19 用户2登录成功。
2019-07-18 17:39:06 用户2登录成功。
2019-07-18 17:42:30 用户2密码不对，请重新输入。
2019-07-18 17:42:33 用户2登录成功。
2019-07-18 17:43:17 用户2登录成功。
2019-07-18 17:46:39 用户2登录成功。
2019-07-18 17:49:36 用户2登录成功。
2019-07-19 15:44:12 用户2登录成功。
2019-07-19 15:45:54 用户2登录成功。
2019-07-19 16:40:03 用户2登录成功。
2019-07-19 16:50:51 用户2登录成功。
2019-07-19 16:51:49 用户2登录成功。
2019-07-19 16:58:57 用户2登录成功。
2019-07-19 17:00:36 用户2登录成功。
2019-07-19 17:01:32 用户2登录成功。
2019-07-19 17:04:37 用户2登录成功。
2019-07-19 17:04:47 该账户目前处于可用状态！
2019-07-19 17:05:27 该账户目前处于可用状态！
2019-07-19 17:05:37 冻结%s用户成功
2019-07-19 17:05:49 该账户已被冻结，请解冻后再使用！
2019-07-19 17:06:42 该账户已被冻结，请解冻后再使用！
2019-07-19 17:06:48 解冻%s用户成功
2019-07-19 17:07:18 该账户目前处于可用状态！
2019-07-19 17:09:50 用户2登录成功。
2019-07-19 17:09:57 该账户目前处于可用状态！
2019-07-19 17:11:06 用户2登录成功。
2019-07-19 17:11:36 该账户2目前处于可用状态！
2019-07-19 17:11:58 该账户2目前处于可用状态！
2019-07-19 17:12:20 冻结2用户成功
2019-07-19 17:12:26 该账户2已被冻结，请解冻后再使用！
2019-07-19 17:12:32 冻结2用户成功
2019-07-19 17:12:45 该账户2已被冻结，请解冻后再使用！
2019-07-19 17:13:48 解冻2用户成功
2019-07-19 17:13:54 该账户2目前处于可用状态！
